[10:26:43] [Render thread/INFO] [JMLogger] JourneyMap log initialized.
[10:26:43] [Render thread/INFO] [JourneymapClient] initialize ENTER
[10:26:43] [Render thread/INFO] [ClientAPI] [ClientAPI] built with JourneyMap API 2.0.0-SNAPSHOT
[10:26:43] [Render thread/INFO] [PluginHelper] Initializing plugins with Client API: journeymap.api.client.impl.ClientAPI
[10:26:43] [Render thread/INFO] [PluginHelper] Initialized IClientPlugin: journeymap.api.plugins.LoadedChunkOverlayPlugin
[10:26:43] [Render thread/INFO] [?] Version: JourneyMap 1.21.4-6.0.0-beta.39, built with fabric 0.110.5+1.21.4
fabric: 0.16.9
Environment: os.name, os.arch, java.version, user.country, user.language=null, game language=de_de, locale=de_de
Features: 
	RadarPlayers : singleplayer = true , multiplayer = true
	RadarAnimals : singleplayer = true , multiplayer = true
	RadarMobs : singleplayer = true , multiplayer = true
	RadarVillagers : singleplayer = true , multiplayer = true
	MapTopo : singleplayer = true , multiplayer = true
	MapSurface : singleplayer = true , multiplayer = true
	MapCaves : singleplayer = true , multiplayer = true
	MapBiome : singleplayer = true , multiplayer = true
MiniMapProperties{state=Valid, file=journeymap.minimap.config, configVersion=6.0.0-beta.39, infoSlotTimeFormat=HH:mm:ss, zoomLevel=2048, compassFontScale=1.0, infoSlotFontScale=1.0, terrainAlpha=100, showEntityNames=true, showPassiveNames=false, positionX=0.9, positionY=0.25, effectVertical=false, showPlayerHeading=false, sizePercent=30, playerDisplayScale=1.0, showDayNight=true, showPets=true, showPlayerNames=true, preferredMapType=day, showCompass=true, showNpcNames=false, mobDisplay=jm.common.entity_display.dots_and_outlined_icons, showHostileNames=false, systemTimeRealFormat=HH:mm:ss, shape=jm.minimap.shape_square, showSelf=true, showVillagerNames=false, selfDisplayScale=1.0, showGrid=false, reticleOrientation=jm.minimap.orientation.compass, minimapLockedMapType=jm.common.map_type.auto, effectTranslateX=0, info3LabelPosition=jm.minimap.info_slot.bottom, showWaypoints=true, info2LabelPosition=jm.minimap.info_slot.top, minimapKeyMovementSpeed=0.001, info1LabelPosition=jm.minimap.info_slot.top, showAnimals=true, infoSlotAlpha=0.7, effectTranslateY=0, showWaypointLabels=true, showAmbientNames=false, moveEffectIcons=true, showTeamNames=false, position=jm.minimap.position_topright, fontScale=1.0, info4LabelPosition=jm.minimap.info_slot.bottom, showPlayers=true, waypointIconScale=1.0, frameAlpha=100, effectReversed=false, backgroundAlpha=0.8, enabled=true, showVillagers=true, info2Label=jm.theme.labelsource.gametime, info3Label=jm.theme.labelsource.location, caveLayer=4, showMobs=true, waypointLabelScale=1.0, showReticle=false, orientation=jm.minimap.orientation.north, info4Label=jm.theme.labelsource.biome, locationFormat=xzyv, playerDisplay=jm.common.entity_display.outlined_icons, mobDisplayScale=1.0, showOffScreenPlayers=true, showCaves=true, showMobHeading=false, locationFormatVerbose=false, showAmbientCreatures=false, showPetNames=false, info1Label=jm.theme.labelsource.blank, showNoIconNames=false}
MiniMapProperties{state=Valid, file=journeymap.minimap2.config, configVersion=6.0.0-beta.39, infoSlotTimeFormat=HH:mm:ss, zoomLevel=512, compassFontScale=1.0, infoSlotFontScale=1.0, terrainAlpha=100, showEntityNames=false, showPassiveNames=false, positionX=0.9, positionY=0.25, effectVertical=false, showPlayerHeading=true, sizePercent=30, playerDisplayScale=1.0, showDayNight=true, showPets=true, showPlayerNames=true, preferredMapType=day, showCompass=true, showNpcNames=false, mobDisplay=jm.common.entity_display.dots_and_outlined_icons, showHostileNames=false, systemTimeRealFormat=HH:mm:ss, shape=jm.minimap.shape_rectangle, showSelf=true, showVillagerNames=false, selfDisplayScale=1.0, showGrid=true, reticleOrientation=jm.minimap.orientation.compass, minimapLockedMapType=jm.common.map_type.auto, effectTranslateX=0, info3LabelPosition=jm.minimap.info_slot.bottom, showWaypoints=true, info2LabelPosition=jm.minimap.info_slot.top, minimapKeyMovementSpeed=0.001, info1LabelPosition=jm.minimap.info_slot.top, showAnimals=true, infoSlotAlpha=0.7, effectTranslateY=0, showWaypointLabels=true, showAmbientNames=false, moveEffectIcons=true, showTeamNames=true, position=jm.minimap.position_topright, fontScale=1.0, info4LabelPosition=jm.minimap.info_slot.bottom, showPlayers=true, waypointIconScale=1.0, frameAlpha=100, effectReversed=false, backgroundAlpha=0.8, enabled=true, showVillagers=true, info2Label=jm.theme.labelsource.gametime, info3Label=jm.theme.labelsource.location, caveLayer=4, showMobs=true, waypointLabelScale=1.0, showReticle=true, orientation=jm.minimap.orientation.north, info4Label=jm.theme.labelsource.biome, locationFormat=xzyv, playerDisplay=jm.common.entity_display.outlined_icons, mobDisplayScale=1.0, showOffScreenPlayers=true, showCaves=true, showMobHeading=true, locationFormatVerbose=true, showAmbientCreatures=false, showPetNames=false, info1Label=jm.theme.labelsource.blank, showNoIconNames=true}
FullMapProperties{state=Valid, file=journeymap.fullmap.config, configVersion=6.0.0-beta.39, zoomLevel=64, minimalMode=false, showPlayers=true, waypointIconScale=1.0, showEntityNames=false, showPassiveNames=false, showPlayerHeading=true, showVillagers=false, showPlayerLoc=true, showKeys=false, playerDisplayScale=1.0, showMobs=false, showPets=false, waypointLabelScale=1.0, showPlayerNames=true, preferredMapType=day, showNpcNames=false, mobDisplay=jm.common.entity_display.dots_and_outlined_icons, showHostileNames=false, showSelf=true, locationFormat=xzyv, playerDisplay=jm.common.entity_display.outlined_icons, showVillagerNames=false, mobDisplayScale=1.0, selfDisplayScale=1.0, showOffScreenPlayers=true, showGrid=false, showMouseLoc=true, showWaypoints=true, showCaves=true, showThemeButton=true, showAnimals=false, dragScale=1, showMobHeading=true, showWaypointLabels=true, locationFormatVerbose=true, showAmbientNames=false, showAmbientCreatures=false, showTeamNames=true, showPetNames=false, fontScale=1.0, showNoIconNames=true}
WaypointProperties{state=Valid, file=journeymap.waypoint.config, configVersion=6.0.0-beta.39, autoRemoveDeathpointDistance=2, dateFormat=MM-dd-yyyy, autoHideIconAngle=5, autoRemoveDeathpoints=false, autoHideIcon=false, autoHideLabelAngle=5, renderWaypointsWorld=true, showDeleteConfirmation=false, fullscreenDoubleClickToCreate=true, minDistance=4, boldLabel=false, disableShare=false, showDeathpointlabel=true, textureSmall=true, beaconEnabled=true, createDeathpoints=true, disableStrikeThrough=false, renderWaypointsMap=true, showName=true, maxDistance=0, autoHideLabel=true, autoRemoveTempWaypoints=2, teleportCommand=/tp {name} {x} {y} {z}, showStaticBeam=true, renderWaypoints=true, wholeNumberTeleportCoords=false, timeFormat=HH:mm:ss, shaderBeacon=false, showDistance=true, showRotatingBeam=true, fontScale=2.0, managerEnabled=true}
WebMapProperties{state=Valid, file=journeymap.webmap.config, configVersion=6.0.0-beta.39, port=8080, enabled=false}
CoreProperties{state=Valid, file=journeymap.core.config, configVersion=6.0.0-beta.39, maxPlayersData=32, mapSurfaceAboveCaves=false, dataCachingEnabled=true, maxAmbientCreaturesData=32, optionsManagerViewed=6.0.0-beta.37, announceMod=true, ignoreSnow=false, colorPassive=#bbbbbb, colorPassiveLabel=#bbbbbb, mapShadows=true, mapBlendWater=true, playerIconFade=true, renderDistanceSurfaceMax=0, seedId=false, colorPetLabel=#0077ff, radarVerticalDistance=16, mapBlendGrass=true, recordCacheStats=false, hideSneakingEntities=true, initialSortOrder=Name, colorPlayerLabel=#ffffff, revealShape=jm.minimap.shape_circle, mapBiome=true, caveShader=jm.common.map_filter.default, mipmapLevels=5, colorVillagerLabel=#88e188, alwaysMapSurface=false, biomeShader=jm.common.map_filter.default, colorVillager=#88e188, mapPlants=true, colorPet=#0077ff, sortDescending=true, radarLateralDistance=64, mapBathymetry=false, mapCrops=true, maxMobsData=32, dayShader=jm.common.map_filter.default, mapPlantShadows=false, alwaysMapCaves=false, checkUpdates=true, colorHostileLabel=#ff0000, mapBlendFoliage=true, topoMax=0, hideSpectators=false, mappingEnabled=true, colorPlayer=#ffffff, cacheVillagersData=2200, logLevel=INFO, maxVillagersData=32, mapWaterBiomeColors=true, maxAnimalsData=32, mapTransparency=true, caveBlackAsClear=false, caveModeThreshold=2, legacyIcons=false, netherShader=jm.common.map_filter.default, caveIgnoreGlass=true, mapTopography=true, renderDistanceCaveMax=0, mapAntialiasing=true, colorSelf=#0000ff, cachePlayersData=2000, nightShader=jm.common.map_filter.default, cacheMobsData=3000, cachePlayerData=1000, splashViewed=6.0.0-beta.39, colorHostile=#ff0000, topoShader=jm.common.map_filter.default, cacheAnimalsData=3100, ignoreHeightmaps=false, themeName=Purist, mapCaveLighting=true, renderDelay=1, mobIconFade=true, serverIp=false, glErrorChecking=false, autoMapPoll=2000}
[10:26:43] [Render thread/INFO] [JourneymapClient] initialize EXIT, elapsed count 1 avg 359,58ms
[10:26:43] [Render thread/INFO] [ThemeLoader] Preloaded theme textures: 73
[10:26:44] [Render thread/INFO] [JourneymapClient] postInitialize EXIT, elapsed count 1 avg 645,41ms
[10:26:44] [JM-VersionCheck-1/ERROR] [VersionCheck] Could not parse download info: 1.21.4-6.0.0-beta.35
java.lang.NullPointerException: Cannot invoke "com.google.gson.JsonElement.getAsString()" because the return value of "com.google.gson.JsonObject.get(String)" is null
	at knot/journeymap.common.version.VersionCheck.lambda$checkVersion$0(VersionCheck.java:146) ~[journeymap-fabric-1.21.4-6.0.0-beta.39.jar:?]
	at java.base/java.util.concurrent.Executors$RunnableAdapter.call(Unknown Source) ~[?:?]
	at java.base/java.util.concurrent.FutureTask.run(Unknown Source) ~[?:?]
	at java.base/java.util.concurrent.ThreadPoolExecutor.runWorker(Unknown Source) ~[?:?]
	at java.base/java.util.concurrent.ThreadPoolExecutor$Worker.run(Unknown Source) ~[?:?]
	at java.base/java.lang.Thread.run(Unknown Source) [?:?]
[10:26:47] [Render thread/INFO] [ColorPalette] Color palette file generated for 0 blockstates in 0ms for: Default Palette
[10:26:58] [Render thread/INFO] [JourneymapClient] World UID is set to: 686feaf3-14ea-4afc-9edd-5cc2423b24f2
[10:26:59] [Render thread/INFO] [ChatLog] JourneyMap: Drücke [J]
[10:26:59] [Render thread/INFO] [WaypointHandler] Resetting Waypoints and Groups.
[10:26:59] [Render thread/INFO] [WaypointStore] Loaded 75 waypoints from disk.
[10:26:59] [Render thread/INFO] [WaypointGroupStore] Loaded 9 waypoint groups from disk.
[10:26:59] [Render thread/INFO] [LegacyWaypointFileMigrator] 0 Legacy waypoints found that need to be migrated and backed up.
[10:26:59] [Render thread/INFO] [ColorPalette] Color palette file generated for 0 blockstates in 1ms for: C:\Users\Laika Ivanova\AppData\Roaming\ModrinthApp\profiles\Eala Frya Fresena\journeymap\colorpalette.json
[10:26:59] [Render thread/INFO] [ColorPalette] Color palette file generated for 0 blockstates in 1ms for: C:\Users\Laika Ivanova\AppData\Roaming\ModrinthApp\profiles\Eala Frya Fresena\journeymap\data\mp\Laika~Ivanova_686feaf3~14ea~4afc~9edd~5cc2423b24f2\colorpalette.json
[10:26:59] [Render thread/INFO] [JourneymapClient] Mapping started in C:\Users\Laika Ivanova\AppData\Roaming\ModrinthApp\profiles\Eala Frya Fresena\journeymap\data\mp\Laika~Ivanova_686feaf3~14ea~4afc~9edd~5cc2423b24f2\overworld. Memory: 1432MB total, 688MB free 
[10:36:12] [Netty Client IO #1/INFO] [TextureCache] [JourneyMap]: Purging Theme Images
[10:36:12] [Netty Client IO #1/INFO] [TextureCache] [JourneyMap]: Purging Region Images
[10:36:12] [Netty Client IO #1/INFO] [TextureCache] [JourneyMap]: Purging Mob Icon Images
[10:36:12] [Render thread/INFO] [JourneymapClient] Mapping halted in C:\Users\Laika Ivanova\AppData\Roaming\ModrinthApp\profiles\Eala Frya Fresena\journeymap\data\mp\Laika~Ivanova_686feaf3~14ea~4afc~9edd~5cc2423b24f2\minecraft:overworld
[10:36:12] [Render thread/INFO] [MappingMonitorTask] World ID has been reset.
[10:36:12] [Render thread/INFO] [JourneymapClient] World UID is set to: null
